build/outputs/logs/manifest-merger-release-report.txt
-- Merging decision tree log ---
manifest
ADDED from ActiveMiles\ActiveMilesPro\AndroidManifest.xml:1:1-175:12
	package
		ADDED from ActiveMiles\ActiveMilesPro\AndroidManifest.xml:2:5-42
		INJECTED from ActiveMiles\ActiveMilesPro\AndroidManifest.xml
		INJECTED from ActiveMiles\ActiveMilesPro\AndroidManifest.xml
	android:versionName
		ADDED from ActiveMiles\ActiveMilesPro\AndroidManifest.xml:5:5-32
		INJECTED from ActiveMiles\ActiveMilesPro\AndroidManifest.xml
		INJECTED from ActiveMiles\ActiveMilesPro\AndroidManifest.xml
	android:versionCode
		ADDED from ActiveMiles\ActiveMilesPro\AndroidManifest.xml:4:5-29
		INJECTED from ActiveMiles\ActiveMilesPro\AndroidManifest.xml
		INJECTED from ActiveMiles\ActiveMilesPro\AndroidManifest.xml
	xmlns:android
		ADDED from ActiveMiles\ActiveMilesPro\AndroidManifest.xml:1:11-69
	android:installLocation
		ADDED from ActiveMiles\ActiveMilesPro\AndroidManifest.xml:3:5-35
supports-screens
ADDED from ActiveMiles\ActiveMilesPro\AndroidManifest.xml:8:5-13:39
	android:largeScreens
		ADDED from ActiveMiles\ActiveMilesPro\AndroidManifest.xml:10:9-36
	android:smallScreens
		ADDED from ActiveMiles\ActiveMilesPro\AndroidManifest.xml:13:9-36
	android:normalScreens
		ADDED from ActiveMiles\ActiveMilesPro\AndroidManifest.xml:11:9-37
	android:resizeable
		ADDED from ActiveMiles\ActiveMilesPro\AndroidManifest.xml:12:9-34
	android:anyDensity
		ADDED from ActiveMiles\ActiveMilesPro\AndroidManifest.xml:9:9-34
uses-permission#android.permission.VIBRATE
ADDED from ActiveMiles\ActiveMilesPro\AndroidManifest.xml:15:5-66
	android:name
		ADDED from ActiveMiles\ActiveMilesPro\AndroidManifest.xml:15:22-63
uses-permission#android.permission.CAMERA
ADDED from ActiveMiles\ActiveMilesPro\AndroidManifest.xml:16:5-65
MERGED from [com.journeyapps:zxing-android-embedded:3.4.0] AndroidManifest.xml:21:5-65
	android:name
		ADDED from ActiveMiles\ActiveMilesPro\AndroidManifest.xml:16:22-62
uses-permission#android.permission.WRITE_EXTERNAL_STORAGE
ADDED from ActiveMiles\ActiveMilesPro\AndroidManifest.xml:17:5-81
	android:name
		ADDED from ActiveMiles\ActiveMilesPro\AndroidManifest.xml:17:22-78
uses-permission#android.permission.WAKE_LOCK
ADDED from ActiveMiles\ActiveMilesPro\AndroidManifest.xml:18:5-68
MERGED from [com.google.android.gms:play-services-analytics:9.8.0] AndroidManifest.xml:24:5-67
MERGED from [com.google.android.gms:play-services-analytics-impl:9.8.0] AndroidManifest.xml:24:5-67
MERGED from [com.google.firebase:firebase-analytics:9.8.0] AndroidManifest.xml:22:5-67
MERGED from [com.google.firebase:firebase-analytics-impl:9.8.0] AndroidManifest.xml:22:5-67
MERGED from [com.google.firebase:firebase-iid:9.8.0] AndroidManifest.xml:21:5-67
	android:name
		ADDED from ActiveMiles\ActiveMilesPro\AndroidManifest.xml:18:22-65
uses-permission#android.permission.INTERNET
ADDED from ActiveMiles\ActiveMilesPro\AndroidManifest.xml:19:5-67
MERGED from [com.google.android.gms:play-services-ads-lite:9.8.0] AndroidManifest.xml:19:5-66
MERGED from [com.google.android.gms:play-services-analytics:9.8.0] AndroidManifest.xml:20:5-66
MERGED from [com.google.android.gms:play-services-appinvite:9.8.0] AndroidManifest.xml:18:5-66
MERGED from [com.google.firebase:firebase-crash:9.8.0] AndroidManifest.xml:18:5-66
MERGED from [com.google.android.gms:play-services-gcm:9.8.0] AndroidManifest.xml:21:5-66
MERGED from [com.google.android.gms:play-services-iid:9.8.0] AndroidManifest.xml:21:5-66
MERGED from [com.google.android.gms:play-services-analytics-impl:9.8.0] AndroidManifest.xml:20:5-66
MERGED from [com.google.android.gms:play-services-tagmanager-api:9.8.0] AndroidManifest.xml:20:5-66
MERGED from [com.google.firebase:firebase-analytics:9.8.0] AndroidManifest.xml:20:5-66
MERGED from [com.google.firebase:firebase-analytics-impl:9.8.0] AndroidManifest.xml:20:5-66
MERGED from [com.google.firebase:firebase-iid:9.8.0] AndroidManifest.xml:20:5-66
MERGED from [com.google.android.gms:play-services-maps:9.8.0] AndroidManifest.xml:20:5-66
	android:name
		ADDED from ActiveMiles\ActiveMilesPro\AndroidManifest.xml:19:22-64
uses-permission#android.permission.ACCESS_COARSE_LOCATION
ADDED from ActiveMiles\ActiveMilesPro\AndroidManifest.xml:20:5-81
	android:name
		ADDED from ActiveMiles\ActiveMilesPro\AndroidManifest.xml:20:22-78
uses-permission#android.permission.ACCESS_FINE_LOCATION
ADDED from ActiveMiles\ActiveMilesPro\AndroidManifest.xml:21:5-79
	android:name
		ADDED from ActiveMiles\ActiveMilesPro\AndroidManifest.xml:21:22-76
uses-permission#android.permission.ACCESS_NETWORK_STATE
ADDED from ActiveMiles\ActiveMilesPro\AndroidManifest.xml:22:5-79
MERGED from [com.google.android.gms:play-services-ads-lite:9.8.0] AndroidManifest.xml:20:5-78
MERGED from [com.google.android.gms:play-services-analytics:9.8.0] AndroidManifest.xml:21:5-78
MERGED from [com.google.android.gms:play-services-nearby:9.8.0] AndroidManifest.xml:4:5-78
MERGED from [com.google.android.gms:play-services-analytics-impl:9.8.0] AndroidManifest.xml:21:5-78
MERGED from [com.google.android.gms:play-services-tagmanager-api:9.8.0] AndroidManifest.xml:21:5-78
MERGED from [com.google.firebase:firebase-analytics:9.8.0] AndroidManifest.xml:21:5-78
MERGED from [com.google.firebase:firebase-analytics-impl:9.8.0] AndroidManifest.xml:21:5-78
MERGED from [com.google.firebase:firebase-iid:9.8.0] AndroidManifest.xml:19:5-78
MERGED from [com.google.android.gms:play-services-maps:9.8.0] AndroidManifest.xml:19:5-78
	android:name
		ADDED from ActiveMiles\ActiveMilesPro\AndroidManifest.xml:22:22-76
uses-permission#android.permission.RECEIVE_BOOT_COMPLETED
ADDED from ActiveMiles\ActiveMilesPro\AndroidManifest.xml:23:5-81
	android:name
		ADDED from ActiveMiles\ActiveMilesPro\AndroidManifest.xml:23:22-78
uses-permission#android.permission.CHANGE_WIFI_STATE
ADDED from ActiveMiles\ActiveMilesPro\AndroidManifest.xml:24:5-76
	android:name
		ADDED from ActiveMiles\ActiveMilesPro\AndroidManifest.xml:24:22-73
uses-permission#android.permission.CHANGE_NETWORK_STATE
ADDED from ActiveMiles\ActiveMilesPro\AndroidManifest.xml:25:5-79
	android:name
		ADDED from ActiveMiles\ActiveMilesPro\AndroidManifest.xml:25:22-76
uses-permission#android.permission.BLUETOOTH
ADDED from ActiveMiles\ActiveMilesPro\AndroidManifest.xml:26:5-68
	android:name
		ADDED from ActiveMiles\ActiveMilesPro\AndroidManifest.xml:26:22-65
uses-permission#org.imperial.activemilespro
ADDED from ActiveMiles\ActiveMilesPro\AndroidManifest.xml:27:5-66
	android:name
		ADDED from ActiveMiles\ActiveMilesPro\AndroidManifest.xml:27:22-64
uses-permission#android.permission.BLUETOOTH_ADMIN
ADDED from ActiveMiles\ActiveMilesPro\AndroidManifest.xml:28:5-74
	android:name
		ADDED from ActiveMiles\ActiveMilesPro\AndroidManifest.xml:28:22-71
uses-permission#android.permission.GET_ACCOUNTS
ADDED from ActiveMiles\ActiveMilesPro\AndroidManifest.xml:29:5-71
	android:name
		ADDED from ActiveMiles\ActiveMilesPro\AndroidManifest.xml:29:22-68
uses-permission#android.permission.NFC
ADDED from ActiveMiles\ActiveMilesPro\AndroidManifest.xml:30:5-62
	android:name
		ADDED from ActiveMiles\ActiveMilesPro\AndroidManifest.xml:30:22-59
uses-feature#android.hardware.nfc
ADDED from ActiveMiles\ActiveMilesPro\AndroidManifest.xml:31:5-81
	android:required
		ADDED from ActiveMiles\ActiveMilesPro\AndroidManifest.xml:31:55-78
	android:name
		ADDED from ActiveMiles\ActiveMilesPro\AndroidManifest.xml:31:19-54
uses-feature#android.hardware.camera
ADDED from ActiveMiles\ActiveMilesPro\AndroidManifest.xml:32:3-58
MERGED from [com.journeyapps:zxing-android-embedded:3.4.0] AndroidManifest.xml:24:5-26:36
	android:name
		ADDED from ActiveMiles\ActiveMilesPro\AndroidManifest.xml:32:17-55
uses-feature#android.hardware.camera.autofocus
ADDED from ActiveMiles\ActiveMilesPro\AndroidManifest.xml:33:3-68
MERGED from [com.journeyapps:zxing-android-embedded:3.4.0] AndroidManifest.xml:32:5-34:36
	android:name
		ADDED from ActiveMiles\ActiveMilesPro\AndroidManifest.xml:33:17-65
uses-feature#0x00020000
ADDED from ActiveMiles\ActiveMilesPro\AndroidManifest.xml:35:5-37:35
MERGED from [com.google.android.gms:play-services-maps:9.8.0] AndroidManifest.xml:21:5-77
	android:glEsVersion
		ADDED from ActiveMiles\ActiveMilesPro\AndroidManifest.xml:36:9-41
	android:required
		ADDED from ActiveMiles\ActiveMilesPro\AndroidManifest.xml:37:9-32
permission#org.imperial.activemilespro
ADDED from ActiveMiles\ActiveMilesPro\AndroidManifest.xml:39:5-41:44
	android:protectionLevel
		ADDED from ActiveMiles\ActiveMilesPro\AndroidManifest.xml:41:9-41
	android:name
		ADDED from ActiveMiles\ActiveMilesPro\AndroidManifest.xml:40:9-51
application
ADDED from ActiveMiles\ActiveMilesPro\AndroidManifest.xml:43:5-173:19
MERGED from [com.journeyapps:zxing-android-embedded:3.4.0] AndroidManifest.xml:45:5-53:19
MERGED from [no.nordicsemi.android:log:2.0.0] AndroidManifest.xml:11:5-53
MERGED from [com.jjoe64:graphview:4.2.1] AndroidManifest.xml:11:5-12:19
MERGED from [com.google.android.gms:play-services:9.8.0] AndroidManifest.xml:5:5-20
MERGED from [com.google.android.gms:play-services-ads-lite:9.8.0] AndroidManifest.xml:23:5-27:19
MERGED from [com.google.android.gms:play-services-analytics:9.8.0] AndroidManifest.xml:26:5-19
MERGED from [com.google.android.gms:play-services-appinvite:9.8.0] AndroidManifest.xml:19:5-26:19
MERGED from [com.google.android.gms:play-services-auth:9.8.0] AndroidManifest.xml:19:5-25:19
MERGED from [com.google.android.gms:play-services-cast-framework:9.8.0] AndroidManifest.xml:4:5-8:19
MERGED from [com.google.android.gms:play-services-cast:9.8.0] AndroidManifest.xml:18:5-19
MERGED from [com.android.support:mediarouter-v7:24.0.0] AndroidManifest.xml:22:5-20
MERGED from [com.android.support:palette-v7:24.0.0] AndroidManifest.xml:22:5-23:19
MERGED from [com.google.android.gms:play-services-clearcut:9.8.0] AndroidManifest.xml:18:5-19
MERGED from [com.google.firebase:firebase-config:9.8.0] AndroidManifest.xml:18:5-19
MERGED from [com.google.android.gms:play-services-awareness:9.8.0] AndroidManifest.xml:18:5-19
MERGED from [com.google.firebase:firebase-crash:9.8.0] AndroidManifest.xml:22:5-23:19
MERGED from [com.google.firebase:firebase-auth:9.8.0] AndroidManifest.xml:19:5-20:19
MERGED from [com.google.firebase:firebase-auth-common:9.8.0] AndroidManifest.xml:19:5-20:19
MERGED from [com.google.firebase:firebase-messaging:9.8.0] AndroidManifest.xml:19:5-29:19
MERGED from [com.google.android.gms:play-services-fitness:9.8.0] AndroidManifest.xml:18:5-19
MERGED from [com.google.android.gms:play-services-games:9.8.0] AndroidManifest.xml:18:5-19
MERGED from [com.google.android.gms:play-services-drive:9.8.0] AndroidManifest.xml:18:5-19
MERGED from [com.google.android.gms:play-services-gass:9.8.0] AndroidManifest.xml:4:5-19
MERGED from [com.google.android.gms:play-services-gcm:9.8.0] AndroidManifest.xml:23:5-19
MERGED from [com.google.android.gms:play-services-appindexing:9.8.0] AndroidManifest.xml:18:5-19
MERGED from [com.google.android.gms:play-services-iid:9.8.0] AndroidManifest.xml:23:5-19
MERGED from [com.google.android.gms:play-services-location:9.8.0] AndroidManifest.xml:4:5-19
MERGED from [com.google.android.gms:play-services-nearby:9.8.0] AndroidManifest.xml:5:5-19
MERGED from [com.google.android.gms:play-services-panorama:9.8.0] AndroidManifest.xml:18:5-19
MERGED from [com.google.android.gms:play-services-places:9.8.0] AndroidManifest.xml:18:5-19
MERGED from [com.google.android.gms:play-services-plus:9.8.0] AndroidManifest.xml:18:5-19
MERGED from [com.google.android.gms:play-services-safetynet:9.8.0] AndroidManifest.xml:18:5-19
MERGED from [com.google.android.gms:play-services-analytics-impl:9.8.0] AndroidManifest.xml:26:5-19
MERGED from [com.google.android.gms:play-services-tagmanager-api:9.8.0] AndroidManifest.xml:23:5-33:19
MERGED from [com.google.firebase:firebase-analytics:9.8.0] AndroidManifest.xml:24:5-33:19
MERGED from [com.google.firebase:firebase-analytics-impl:9.8.0] AndroidManifest.xml:24:5-28:19
MERGED from [com.google.firebase:firebase-iid:9.8.0] AndroidManifest.xml:28:5-50:19
MERGED from [com.google.firebase:firebase-common:9.8.0] AndroidManifest.xml:4:5-7:19
MERGED from [com.google.android.gms:play-services-vision:9.8.0] AndroidManifest.xml:4:5-19
MERGED from [com.google.android.gms:play-services-identity:9.8.0] AndroidManifest.xml:18:5-19
MERGED from [com.google.android.gms:play-services-maps:9.8.0] AndroidManifest.xml:24:5-19
MERGED from [com.google.android.gms:play-services-wearable:9.8.0] AndroidManifest.xml:18:5-19
MERGED from [com.google.android.gms:play-services-base:9.8.0] AndroidManifest.xml:18:5-20:19
MERGED from [com.google.android.gms:play-services-tasks:9.8.0] AndroidManifest.xml:4:5-19
MERGED from [com.google.android.gms:play-services-basement:9.8.0] AndroidManifest.xml:19:5-21:19
MERGED from [com.facebook.android:facebook-android-sdk:4.26.0] AndroidManifest.xml:28:5-48:19
MERGED from [com.android.support:appcompat-v7:25.3.1] AndroidManifest.xml:29:5-20
MERGED from [com.android.support:support-v4:25.3.1] AndroidManifest.xml:29:5-20
MERGED from [com.android.support:support-fragment:25.3.1] AndroidManifest.xml:29:5-20
MERGED from [com.android.support:support-media-compat:25.3.1] AndroidManifest.xml:29:5-20
MERGED from [com.android.support:support-core-ui:25.3.1] AndroidManifest.xml:29:5-20
MERGED from [com.android.support:support-core-utils:25.3.1] AndroidManifest.xml:29:5-20
MERGED from [com.android.support:animated-vector-drawable:25.3.1] AndroidManifest.xml:26:5-20
MERGED from [com.android.support:support-vector-drawable:25.3.1] AndroidManifest.xml:26:5-20
MERGED from [com.android.support:cardview-v7:25.3.1] AndroidManifest.xml:26:5-20
MERGED from [com.android.support:customtabs:25.3.1] AndroidManifest.xml:26:5-20
MERGED from [com.android.support:support-compat:25.3.1] AndroidManifest.xml:29:5-20
MERGED from [com.google.maps.android:android-maps-utils:0.4.4] AndroidManifest.xml:7:5-11:19
	android:label
		ADDED from ActiveMiles\ActiveMilesPro\AndroidManifest.xml:46:9-41
	android:supportsRtl
		ADDED from ActiveMiles\ActiveMilesPro\AndroidManifest.xml:47:9-35
	android:allowBackup
		ADDED from ActiveMiles\ActiveMilesPro\AndroidManifest.xml:44:9-35
	android:icon
		ADDED from ActiveMiles\ActiveMilesPro\AndroidManifest.xml:45:9-42
	android:theme
		ADDED from ActiveMiles\ActiveMilesPro\AndroidManifest.xml:48:9-52
activity#org.imperial.activemilespro.gui.ActiveMilesGUI
ADDED from ActiveMiles\ActiveMilesPro\AndroidManifest.xml:49:9-59:20
	android:screenOrientation
		ADDED from ActiveMiles\ActiveMilesPro\AndroidManifest.xml:53:13-49
	android:launchMode
		ADDED from ActiveMiles\ActiveMilesPro\AndroidManifest.xml:52:13-43
	android:configChanges
		ADDED from ActiveMiles\ActiveMilesPro\AndroidManifest.xml:51:13-63
	android:name
		ADDED from ActiveMiles\ActiveMilesPro\AndroidManifest.xml:50:13-74
intent-filter#android.intent.action.MAIN+android.intent.category.LAUNCHER
ADDED from ActiveMiles\ActiveMilesPro\AndroidManifest.xml:54:13-58:29
action#android.intent.action.MAIN
ADDED from ActiveMiles\ActiveMilesPro\AndroidManifest.xml:55:17-69
	android:name
		ADDED from ActiveMiles\ActiveMilesPro\AndroidManifest.xml:55:25-66
category#android.intent.category.LAUNCHER
ADDED from ActiveMiles\ActiveMilesPro\AndroidManifest.xml:57:17-77
	android:name
		ADDED from ActiveMiles\ActiveMilesPro\AndroidManifest.xml:57:27-74
activity#org.imperial.activemilespro.gui.CameraView
ADDED from ActiveMiles\ActiveMilesPro\AndroidManifest.xml:60:9-65:20
	android:name
		ADDED from ActiveMiles\ActiveMilesPro\AndroidManifest.xml:60:19-76
intent-filter#android.intent.category.DEFAULT+org.imperial.activemilespro.gui.CameraView
ADDED from ActiveMiles\ActiveMilesPro\AndroidManifest.xml:61:13-64:29
action#org.imperial.activemilespro.gui.CameraView
ADDED from ActiveMiles\ActiveMilesPro\AndroidManifest.xml:62:17-85
	android:name
		ADDED from ActiveMiles\ActiveMilesPro\AndroidManifest.xml:62:25-82
category#android.intent.category.DEFAULT
ADDED from ActiveMiles\ActiveMilesPro\AndroidManifest.xml:63:17-76
	android:name
		ADDED from ActiveMiles\ActiveMilesPro\AndroidManifest.xml:63:27-73
activity#org.imperial.activemilespro.gui.LiveView
ADDED from ActiveMiles\ActiveMilesPro\AndroidManifest.xml:67:9-69:52
	android:screenOrientation
		ADDED from ActiveMiles\ActiveMilesPro\AndroidManifest.xml:69:13-49
	android:name
		ADDED from ActiveMiles\ActiveMilesPro\AndroidManifest.xml:68:13-68
activity#org.imperial.activemilespro.gui.FacebookManager
ADDED from ActiveMiles\ActiveMilesPro\AndroidManifest.xml:70:9-72:52
	android:screenOrientation
		ADDED from ActiveMiles\ActiveMilesPro\AndroidManifest.xml:72:13-49
	android:name
		ADDED from ActiveMiles\ActiveMilesPro\AndroidManifest.xml:71:13-75
activity#org.imperial.activemilespro.gui.ShowActivity
ADDED from ActiveMiles\ActiveMilesPro\AndroidManifest.xml:73:10-75:52
	android:screenOrientation
		ADDED from ActiveMiles\ActiveMilesPro\AndroidManifest.xml:75:13-49
	android:name
		ADDED from ActiveMiles\ActiveMilesPro\AndroidManifest.xml:74:13-72
activity#org.imperial.activemilespro.diary.FullScreenViewActivity
ADDED from ActiveMiles\ActiveMilesPro\AndroidManifest.xml:76:9-79:20
	android:theme
		ADDED from ActiveMiles\ActiveMilesPro\AndroidManifest.xml:78:13-66
	android:name
		ADDED from ActiveMiles\ActiveMilesPro\AndroidManifest.xml:77:13-84
activity#org.imperial.activemilespro.gui.QrCodeActivityGen
ADDED from ActiveMiles\ActiveMilesPro\AndroidManifest.xml:80:9-82:52
	android:screenOrientation
		ADDED from ActiveMiles\ActiveMilesPro\AndroidManifest.xml:82:13-49
	android:name
		ADDED from ActiveMiles\ActiveMilesPro\AndroidManifest.xml:81:13-77
activity#org.imperial.activemilespro.gui.MapActivity
ADDED from ActiveMiles\ActiveMilesPro\AndroidManifest.xml:83:9-85:52
	android:screenOrientation
		ADDED from ActiveMiles\ActiveMilesPro\AndroidManifest.xml:85:13-49
	android:name
		ADDED from ActiveMiles\ActiveMilesPro\AndroidManifest.xml:84:13-71
activity#org.imperial.activemilespro.gui.LocationSettingActivity
ADDED from ActiveMiles\ActiveMilesPro\AndroidManifest.xml:86:9-88:52
	android:screenOrientation
		ADDED from ActiveMiles\ActiveMilesPro\AndroidManifest.xml:88:13-49
	android:name
		ADDED from ActiveMiles\ActiveMilesPro\AndroidManifest.xml:87:13-83
activity#org.imperial.activemilespro.gui.PersonalPerformanceActivity
ADDED from ActiveMiles\ActiveMilesPro\AndroidManifest.xml:89:9-91:52
	android:screenOrientation
		ADDED from ActiveMiles\ActiveMilesPro\AndroidManifest.xml:91:13-49
	android:name
		ADDED from ActiveMiles\ActiveMilesPro\AndroidManifest.xml:90:13-87
activity#org.imperial.activemilespro.gui.ComparePerformanceActivity
ADDED from ActiveMiles\ActiveMilesPro\AndroidManifest.xml:92:9-94:52
	android:screenOrientation
		ADDED from ActiveMiles\ActiveMilesPro\AndroidManifest.xml:94:13-49
	android:name
		ADDED from ActiveMiles\ActiveMilesPro\AndroidManifest.xml:93:13-86
activity#org.imperial.activemilespro.diary.DiaryActivity
ADDED from ActiveMiles\ActiveMilesPro\AndroidManifest.xml:95:9-97:52
	android:screenOrientation
		ADDED from ActiveMiles\ActiveMilesPro\AndroidManifest.xml:97:13-49
	android:name
		ADDED from ActiveMiles\ActiveMilesPro\AndroidManifest.xml:96:13-75
activity#org.imperial.activemilespro.service.VoiceLabeling
ADDED from ActiveMiles\ActiveMilesPro\AndroidManifest.xml:98:9-100:52
	android:screenOrientation
		ADDED from ActiveMiles\ActiveMilesPro\AndroidManifest.xml:100:13-49
	android:name
		ADDED from ActiveMiles\ActiveMilesPro\AndroidManifest.xml:99:13-77
activity#org.imperial.activemilespro.nfc_tag.NFCActivity
ADDED from ActiveMiles\ActiveMilesPro\AndroidManifest.xml:101:9-103:52
	android:screenOrientation
		ADDED from ActiveMiles\ActiveMilesPro\AndroidManifest.xml:103:13-49
	android:name
		ADDED from ActiveMiles\ActiveMilesPro\AndroidManifest.xml:102:13-75
activity#org.imperial.activemilespro.service.VoiceLabeling2
ADDED from ActiveMiles\ActiveMilesPro\AndroidManifest.xml:104:9-106:52
	android:screenOrientation
		ADDED from ActiveMiles\ActiveMilesPro\AndroidManifest.xml:106:13-49
	android:name
		ADDED from ActiveMiles\ActiveMilesPro\AndroidManifest.xml:105:13-78
activity#org.imperial.activemilespro.gui.CaptureActivity
ADDED from ActiveMiles\ActiveMilesPro\AndroidManifest.xml:107:9-113:20
	android:screenOrientation
		ADDED from ActiveMiles\ActiveMilesPro\AndroidManifest.xml:109:13-51
	android:stateNotNeeded
		ADDED from ActiveMiles\ActiveMilesPro\AndroidManifest.xml:110:13-42
	android:windowSoftInputMode
		ADDED from ActiveMiles\ActiveMilesPro\AndroidManifest.xml:112:13-60
	android:theme
		ADDED from ActiveMiles\ActiveMilesPro\AndroidManifest.xml:111:13-54
	android:name
		ADDED from ActiveMiles\ActiveMilesPro\AndroidManifest.xml:108:13-75
activity#org.imperial.activemilespro.service.BluetouthActivity
ADDED from ActiveMiles\ActiveMilesPro\AndroidManifest.xml:114:9-116:52
	android:screenOrientation
		ADDED from ActiveMiles\ActiveMilesPro\AndroidManifest.xml:116:13-49
	android:name
		ADDED from ActiveMiles\ActiveMilesPro\AndroidManifest.xml:115:13-81
activity#org.imperial.activemilespro.service.DeviceListActivity
ADDED from ActiveMiles\ActiveMilesPro\AndroidManifest.xml:117:9-120:59
	android:screenOrientation
		ADDED from ActiveMiles\ActiveMilesPro\AndroidManifest.xml:119:13-49
	android:theme
		ADDED from ActiveMiles\ActiveMilesPro\AndroidManifest.xml:120:13-56
	android:name
		ADDED from ActiveMiles\ActiveMilesPro\AndroidManifest.xml:118:13-82
service#org.imperial.activemilespro.service.UartService
ADDED from ActiveMiles\ActiveMilesPro\AndroidManifest.xml:122:9-124:38
	android:enabled
		ADDED from ActiveMiles\ActiveMilesPro\AndroidManifest.xml:124:13-35
	android:name
		ADDED from ActiveMiles\ActiveMilesPro\AndroidManifest.xml:123:13-75
service#org.imperial.activemilespro.service.SensorDataServiceInertial
ADDED from ActiveMiles\ActiveMilesPro\AndroidManifest.xml:125:9-127:38
	android:enabled
		ADDED from ActiveMiles\ActiveMilesPro\AndroidManifest.xml:127:13-35
	android:name
		ADDED from ActiveMiles\ActiveMilesPro\AndroidManifest.xml:126:13-89
service#org.imperial.activemilespro.service.SensorDataServiceBluetooth
ADDED from ActiveMiles\ActiveMilesPro\AndroidManifest.xml:128:9-130:38
	android:enabled
		ADDED from ActiveMiles\ActiveMilesPro\AndroidManifest.xml:130:13-35
	android:name
		ADDED from ActiveMiles\ActiveMilesPro\AndroidManifest.xml:129:13-90
provider#org.imperial.activemilespro.database.PerformanceContentProvider
ADDED from ActiveMiles\ActiveMilesPro\AndroidManifest.xml:132:9-137:20
	android:authorities
		ADDED from ActiveMiles\ActiveMilesPro\AndroidManifest.xml:134:13-71
	android:exported
		ADDED from ActiveMiles\ActiveMilesPro\AndroidManifest.xml:135:13-36
	android:permission
		ADDED from ActiveMiles\ActiveMilesPro\AndroidManifest.xml:136:13-61
	android:name
		ADDED from ActiveMiles\ActiveMilesPro\AndroidManifest.xml:133:13-91
provider#com.facebook.FacebookContentProvider
ADDED from ActiveMiles\ActiveMilesPro\AndroidManifest.xml:138:9-141:39
	android:authorities
		ADDED from ActiveMiles\ActiveMilesPro\AndroidManifest.xml:140:13-90
	android:exported
		ADDED from ActiveMiles\ActiveMilesPro\AndroidManifest.xml:141:13-36
	android:name
		ADDED from ActiveMiles\ActiveMilesPro\AndroidManifest.xml:139:13-64
receiver#org.imperial.activemilespro.service.ScheduleReceiver
ADDED from ActiveMiles\ActiveMilesPro\AndroidManifest.xml:143:9-154:20
	android:enabled
		ADDED from ActiveMiles\ActiveMilesPro\AndroidManifest.xml:145:13-35
	android:exported
		ADDED from ActiveMiles\ActiveMilesPro\AndroidManifest.xml:146:13-36
	android:permission
		ADDED from ActiveMiles\ActiveMilesPro\AndroidManifest.xml:147:13-75
	android:name
		ADDED from ActiveMiles\ActiveMilesPro\AndroidManifest.xml:144:13-80
intent-filter#android.intent.action.BOOT_COMPLETED
ADDED from ActiveMiles\ActiveMilesPro\AndroidManifest.xml:148:13-150:29
action#android.intent.action.BOOT_COMPLETED
ADDED from ActiveMiles\ActiveMilesPro\AndroidManifest.xml:149:17-79
	android:name
		ADDED from ActiveMiles\ActiveMilesPro\AndroidManifest.xml:149:25-76
intent-filter#android.intent.action.EXTERNAL_APPLICATIONS_AVAILABLE
ADDED from ActiveMiles\ActiveMilesPro\AndroidManifest.xml:151:13-153:29
action#android.intent.action.EXTERNAL_APPLICATIONS_AVAILABLE
ADDED from ActiveMiles\ActiveMilesPro\AndroidManifest.xml:152:17-96
	android:name
		ADDED from ActiveMiles\ActiveMilesPro\AndroidManifest.xml:152:25-93
receiver#org.imperial.activemilespro.interface_utility.IntFacebookBroadcastReceiver
ADDED from ActiveMiles\ActiveMilesPro\AndroidManifest.xml:155:9-161:20
	android:permission
		ADDED from ActiveMiles\ActiveMilesPro\AndroidManifest.xml:157:13-61
	android:name
		ADDED from ActiveMiles\ActiveMilesPro\AndroidManifest.xml:156:13-102
intent-filter#com.facebook.platform.AppCallResultBroadcast
ADDED from ActiveMiles\ActiveMilesPro\AndroidManifest.xml:158:14-160:29
action#com.facebook.platform.AppCallResultBroadcast
ADDED from ActiveMiles\ActiveMilesPro\AndroidManifest.xml:159:17-87
	android:name
		ADDED from ActiveMiles\ActiveMilesPro\AndroidManifest.xml:159:25-84
receiver#org.imperial.activemilespro.service.ServiceController
ADDED from ActiveMiles\ActiveMilesPro\AndroidManifest.xml:162:9-163:20
	android:name
		ADDED from ActiveMiles\ActiveMilesPro\AndroidManifest.xml:162:19-87
meta-data#com.facebook.sdk.ApplicationId
ADDED from ActiveMiles\ActiveMilesPro\AndroidManifest.xml:165:9-167:49
	android:value
		ADDED from ActiveMiles\ActiveMilesPro\AndroidManifest.xml:167:13-46
	android:name
		ADDED from ActiveMiles\ActiveMilesPro\AndroidManifest.xml:166:13-58
meta-data#com.facebook.sdk.ApplicationName
ADDED from ActiveMiles\ActiveMilesPro\AndroidManifest.xml:168:9-169:58
	android:value
		ADDED from ActiveMiles\ActiveMilesPro\AndroidManifest.xml:169:20-55
	android:name
		ADDED from ActiveMiles\ActiveMilesPro\AndroidManifest.xml:168:20-67
meta-data#com.google.android.maps.v2.API_KEY
ADDED from ActiveMiles\ActiveMilesPro\AndroidManifest.xml:170:9-172:54
	android:value
		ADDED from ActiveMiles\ActiveMilesPro\AndroidManifest.xml:172:13-51
	android:name
		ADDED from ActiveMiles\ActiveMilesPro\AndroidManifest.xml:171:13-62
uses-sdk
INJECTED from ActiveMiles\ActiveMilesPro\AndroidManifest.xml reason: use-sdk injection requested
MERGED from [com.journeyapps:zxing-android-embedded:3.4.0] AndroidManifest.xml:19:5-43
MERGED from [no.nordicsemi.android:log:2.0.0] AndroidManifest.xml:7:5-9:41
MERGED from [com.jjoe64:graphview:4.2.1] AndroidManifest.xml:7:5-9:41
MERGED from [com.jeremyfeinstein.slidingmenu:library:1.3] AndroidManifest.xml:4:5-72
MERGED from [com.google.android.gms:play-services:9.8.0] AndroidManifest.xml:4:5-42
MERGED from [com.google.android.gms:play-services-ads:9.8.0] AndroidManifest.xml:17:5-42
MERGED from [com.google.android.gms:play-services-ads-lite:9.8.0] AndroidManifest.xml:22:5-42
MERGED from [com.google.android.gms:play-services-analytics:9.8.0] AndroidManifest.xml:17:5-42
MERGED from [com.google.android.gms:play-services-appinvite:9.8.0] AndroidManifest.xml:17:5-42
MERGED from [com.google.android.gms:play-services-auth:9.8.0] AndroidManifest.xml:17:5-42
MERGED from [com.google.android.gms:play-services-auth-base:9.8.0] AndroidManifest.xml:4:5-42
MERGED from [com.google.android.gms:play-services-cast-framework:9.8.0] AndroidManifest.xml:3:5-42
MERGED from [com.google.android.gms:play-services-cast:9.8.0] AndroidManifest.xml:17:5-42
MERGED from [com.android.support:mediarouter-v7:24.0.0] AndroidManifest.xml:20:5-43
MERGED from [com.android.support:palette-v7:24.0.0] AndroidManifest.xml:20:5-43
MERGED from [com.google.android.gms:play-services-clearcut:9.8.0] AndroidManifest.xml:17:5-42
MERGED from [com.google.firebase:firebase-config:9.8.0] AndroidManifest.xml:17:5-42
MERGED from [com.google.android.gms:play-services-awareness:9.8.0] AndroidManifest.xml:17:5-42
MERGED from [com.google.firebase:firebase-crash:9.8.0] AndroidManifest.xml:20:5-42
MERGED from [com.google.firebase:firebase-auth:9.8.0] AndroidManifest.xml:17:5-42
MERGED from [com.google.firebase:firebase-auth-common:9.8.0] AndroidManifest.xml:17:5-42
MERGED from [com.google.firebase:firebase-auth-module:9.8.0] AndroidManifest.xml:3:5-42
MERGED from [com.google.firebase:firebase-database:9.8.0] AndroidManifest.xml:3:5-42
MERGED from [com.google.firebase:firebase-database-connection:9.8.0] AndroidManifest.xml:3:5-42
MERGED from [com.google.firebase:firebase-messaging:9.8.0] AndroidManifest.xml:17:5-42
MERGED from [com.google.firebase:firebase-storage:9.8.0] AndroidManifest.xml:3:5-42
MERGED from [com.google.firebase:firebase-storage-common:9.8.0] AndroidManifest.xml:3:5-42
MERGED from [com.google.android.gms:play-services-fitness:9.8.0] AndroidManifest.xml:17:5-42
MERGED from [com.google.android.gms:play-services-games:9.8.0] AndroidManifest.xml:17:5-42
MERGED from [com.google.android.gms:play-services-drive:9.8.0] AndroidManifest.xml:17:5-42
MERGED from [com.google.android.gms:play-services-gass:9.8.0] AndroidManifest.xml:3:5-42
MERGED from [com.google.android.gms:play-services-gcm:9.8.0] AndroidManifest.xml:17:5-42
MERGED from [com.google.android.gms:play-services-appindexing:9.8.0] AndroidManifest.xml:17:5-42
MERGED from [com.google.android.gms:play-services-iid:9.8.0] AndroidManifest.xml:17:5-42
MERGED from [com.google.android.gms:play-services-instantapps:9.8.0] AndroidManifest.xml:3:5-42
MERGED from [com.google.android.gms:play-services-location:9.8.0] AndroidManifest.xml:3:5-42
MERGED from [com.google.android.gms:play-services-nearby:9.8.0] AndroidManifest.xml:3:5-42
MERGED from [com.google.android.gms:play-services-panorama:9.8.0] AndroidManifest.xml:17:5-42
MERGED from [com.google.android.gms:play-services-places:9.8.0] AndroidManifest.xml:17:5-42
MERGED from [com.google.android.gms:play-services-plus:9.8.0] AndroidManifest.xml:17:5-42
MERGED from [com.google.android.gms:play-services-safetynet:9.8.0] AndroidManifest.xml:17:5-42
MERGED from [com.google.android.gms:play-services-tagmanager:9.8.0] AndroidManifest.xml:17:5-42
MERGED from [com.google.android.gms:play-services-analytics-impl:9.8.0] AndroidManifest.xml:17:5-42